<?xml version="1.0" encoding="UTF-8"?>
<testsuites>
  <testsuite name="My Login application" timestamp="2024-01-13T16:54:55" time="7.078" tests="1" failures="0" errors="0" skipped="0">
    <properties>
      <property name="specId" value="0"/>
      <property name="suiteName" value="My Login application"/>
      <property name="capabilities" value="chrome.120_0_6099_217.windows"/>
      <property name="file" value="file:///C:/Users/Admin/%D0%B4%D0%BE%D0%BA%D1%83%D0%BC%D0%B5%D0%BD%D1%82%D1%8B/WebdriverIO/WebdriverIO_Project_1/test/specs/test.e2e.js"/>
    </properties>
    <testcase classname="chrome.120_0_6099_217.windows.My_Login_application" name="should login with valid credentials" time="7.074">
      <system-out><![CDATA[
COMMAND: POST /session/8284f805bc516a3bb8f6987d38256d6e/url - {"url":"https://the-internet.herokuapp.com/login"}
RESULT: {"url":"https://the-internet.herokuapp.com/login"}
COMMAND: POST /session/8284f805bc516a3bb8f6987d38256d6e/element - {"using":"css selector","value":"#username"}
RESULT: {"using":"css selector","value":"#username"}
COMMAND: POST /session/8284f805bc516a3bb8f6987d38256d6e/element/7AE951E3FF32BD8158F6799C8546A0C6_element_3/clear - {}
RESULT: {}
COMMAND: POST /session/8284f805bc516a3bb8f6987d38256d6e/element/7AE951E3FF32BD8158F6799C8546A0C6_element_3/value - {"text":"tomsmith"}
RESULT: {"text":"tomsmith"}
COMMAND: POST /session/8284f805bc516a3bb8f6987d38256d6e/element - {"using":"css selector","value":"#password"}
RESULT: {"using":"css selector","value":"#password"}
COMMAND: POST /session/8284f805bc516a3bb8f6987d38256d6e/element/7AE951E3FF32BD8158F6799C8546A0C6_element_4/clear - {}
RESULT: {}
COMMAND: POST /session/8284f805bc516a3bb8f6987d38256d6e/element/7AE951E3FF32BD8158F6799C8546A0C6_element_4/value - {"text":"SuperSecretPassword!"}
RESULT: {"text":"SuperSecretPassword!"}
COMMAND: POST /session/8284f805bc516a3bb8f6987d38256d6e/element - {"using":"css selector","value":"button[type=\"submit\"]"}
RESULT: {"using":"css selector","value":"button[type=\"submit\"]"}
COMMAND: POST /session/8284f805bc516a3bb8f6987d38256d6e/element/7AE951E3FF32BD8158F6799C8546A0C6_element_10/click - {}
RESULT: {}
COMMAND: POST /session/8284f805bc516a3bb8f6987d38256d6e/element - {"using":"css selector","value":"#flash"}
RESULT: {"using":"css selector","value":"#flash"}
COMMAND: POST /session/8284f805bc516a3bb8f6987d38256d6e/elements - {"using":"css selector","value":"#flash"}
RESULT: {"using":"css selector","value":"#flash"}
COMMAND: POST /session/8284f805bc516a3bb8f6987d38256d6e/element - {"using":"css selector","value":"#flash"}
RESULT: {"using":"css selector","value":"#flash"}
COMMAND: GET /session/8284f805bc516a3bb8f6987d38256d6e/element/C4177B9294A0AF3AF5D8ACE83DA7AC31_element_13/text - {}
RESULT: {}
COMMAND: GET /session/8284f805bc516a3bb8f6987d38256d6e/se/log/types - {}
RESULT: {}
COMMAND: POST /session/8284f805bc516a3bb8f6987d38256d6e/se/log - {"type":"driver"}
COMMAND: POST /session/8284f805bc516a3bb8f6987d38256d6e/se/log - {"type":"browser"}
RESULT: {"type":"driver"}
RESULT: {"type":"browser"}
COMMAND: DELETE /session/8284f805bc516a3bb8f6987d38256d6e - {}
RESULT: {}
]]></system-out>
    </testcase>
  </testsuite>
</testsuites>